1517896957835	geckodriver	INFO	geckodriver 0.19.1 (0000000000000000000000000000000000000000 2017-10-31)
1517896957856	geckodriver	INFO	Listening on 127.0.0.1:3458
1517896960247	mozrunner::runner	INFO	Running command: "C:\\Program Files\\Mozilla Firefox\\firefox.exe" "-marionette" "-profile" "C:\\Users\\lixia\\AppData\\Local\\Temp\\rust_mozprofile.QanbuFjsishW"
[GFX1]: Potential driver version mismatch ignored due to missing DLLs igd10umd32 v= and igd10iumd32 v=
1517896995445	Marionette	INFO	Enabled via --marionette
1517897085942	geckodriver	INFO	geckodriver 0.19.1 (0000000000000000000000000000000000000000 2017-10-31)
1517897085979	geckodriver	INFO	Listening on 127.0.0.1:3604
1517897088056	mozrunner::runner	INFO	Running command: "C:\\Program Files\\Mozilla Firefox\\firefox.exe" "-marionette" "-profile" "C:\\Users\\lixia\\AppData\\Local\\Temp\\rust_mozprofile.UKIBtCVJxS6P"
[GFX1]: Potential driver version mismatch ignored due to missing DLLs igd10umd32 v= and igd10iumd32 v=
1517897093937	Marionette	INFO	Enabled via --marionette
[GFX1-]: Failed to connect GPU process
[GFX1-]: [D3D11] failed to get compositor device.
[GFX1-]: [D3D11] Failed to init compositor with reason: FEATURE_FAILURE_D3D11_NO_DEVICE
[GFX1-]: [D3D11] failed to get compositor device.
[GFX1-]: [D3D11] Failed to init compositor with reason: FEATURE_FAILURE_D3D11_NO_DEVICE
[GFX1]: Potential driver version mismatch ignored due to missing DLLs igd10umd32 v= and igd10iumd32 v=
[GFX1-]: Could not get a DXGI adapter
[GFX1]: Potential driver version mismatch ignored due to missing DLLs igd10umd32 v= and igd10iumd32 v=
[GFX1-]: Could not get a DXGI adapter
[GFX1]: Potential driver version mismatch ignored due to missing DLLs igd10umd32 v= and igd10iumd32 v=
[GFX1-]: Could not get a DXGI adapter
1517897147353	Marionette	INFO	Listening on port 3610
1517897148521	Marionette	WARN	TLS certificate errors will be ignored for this session
1517897148627	Marionette	DEBUG	Register listener.js for window 4294967297
1517897149021	Marionette	DEBUG	Received DOM event "beforeunload" for "about:blank"
1517897150326	Marionette	DEBUG	Received DOM event "pagehide" for "about:blank"
1517897150326	Marionette	DEBUG	Received DOM event "unload" for "about:blank"
JavaScript error: https://ss1.bdstatic.com/5eN1bjq8AAUYm2zgoY3K/r/www/cache/static/protocol/https/plugins/every_cookie_4644b13.js, line 4: ReferenceError: c is not defined
1517897152535	Marionette	DEBUG	Received DOM event "DOMContentLoaded" for "https://www.baidu.com/"
1517897152663	Marionette	DEBUG	Received DOM event "pageshow" for "https://www.baidu.com/"
1517897155396	Marionette	DEBUG	Canceled page load listener because no navigation has been detected
[GFX1-]: Receive IPC close with reason=AbnormalShutdown
1517897178626	geckodriver	INFO	geckodriver 0.19.1 (0000000000000000000000000000000000000000 2017-10-31)
1517897178639	geckodriver	INFO	Listening on 127.0.0.1:3732
1517897180272	mozrunner::runner	INFO	Running command: "C:\\Program Files\\Mozilla Firefox\\firefox.exe" "-marionette" "-profile" "C:\\Users\\lixia\\AppData\\Local\\Temp\\rust_mozprofile.vsEOAq5F5jze"
[GFX1]: Potential driver version mismatch ignored due to missing DLLs igd10umd32 v= and igd10iumd32 v=
1517897183496	Marionette	INFO	Enabled via --marionette
[GFX1]: Potential driver version mismatch ignored due to missing DLLs igd10umd32 v= and igd10iumd32 v=
[GFX1]: Potential driver version mismatch ignored due to missing DLLs igd10umd32 v= and igd10iumd32 v=
[GFX1]: Potential driver version mismatch ignored due to missing DLLs igd10umd32 v= and igd10iumd32 v=
[Parent 5432, Gecko_IOThread] WARNING: pipe error: 109: file z:/build/build/src/ipc/chromium/src/chrome/common/ipc_channel_win.cc, line 346
[Child 7832, Chrome_ChildThread] WARNING: pipe error: 109: file z:/build/build/src/ipc/chromium/src/chrome/common/ipc_channel_win.cc, line 346
1517897189355	Marionette	INFO	Listening on port 3738
1517897190147	Marionette	WARN	TLS certificate errors will be ignored for this session
1517897190294	Marionette	DEBUG	Register listener.js for window 4294967297
1517897190359	Marionette	DEBUG	Received DOM event "beforeunload" for "about:blank"
1517897190570	Marionette	DEBUG	Received DOM event "pagehide" for "about:blank"
1517897190571	Marionette	DEBUG	Received DOM event "unload" for "about:blank"
JavaScript error: https://ss1.bdstatic.com/5eN1bjq8AAUYm2zgoY3K/r/www/cache/static/protocol/https/plugins/every_cookie_4644b13.js, line 4: ReferenceError: c is not defined
1517897191043	Marionette	DEBUG	Received DOM event "DOMContentLoaded" for "https://www.baidu.com/"
1517897191256	Marionette	DEBUG	Received DOM event "pageshow" for "https://www.baidu.com/"
JavaScript error: https://sp0.baidu.com/5a1Fazu8AA54nxGko9WTAnF6hhy/su?wd=seleni&json=1&p=3&sid=1437_21090_17001_20927&req=2&csor=6&pwd=selen&cb=jQuery110206006355068320189_1517897190756&_=1517897190763, line 1: TypeError: jQuery110206006355068320189_1517897190756 is not a function
1517897193767	Marionette	DEBUG	Canceled page load listener because no navigation has been detected
1517897469246	geckodriver	INFO	geckodriver 0.19.1 (0000000000000000000000000000000000000000 2017-10-31)
1517897469258	geckodriver	INFO	Listening on 127.0.0.1:3855
1517897471267	mozrunner::runner	INFO	Running command: "C:\\Program Files\\Mozilla Firefox\\firefox.exe" "-marionette" "-profile" "C:\\Users\\lixia\\AppData\\Local\\Temp\\rust_mozprofile.IPtG5yBrIWjq"
[GFX1]: Potential driver version mismatch ignored due to missing DLLs igd10umd32 v= and igd10iumd32 v=
1517897473583	Marionette	INFO	Enabled via --marionette
[GFX1]: Potential driver version mismatch ignored due to missing DLLs igd10umd32 v= and igd10iumd32 v=
[GFX1]: Potential driver version mismatch ignored due to missing DLLs igd10umd32 v= and igd10iumd32 v=
1517897489301	Marionette	INFO	Listening on port 3861
[Child 6372, Chrome_ChildThread] WARNING: pipe error: 109: file z:/build/build/src/ipc/chromium/src/chrome/common/ipc_channel_win.cc, line 346
1517897489327	Marionette	WARN	TLS certificate errors will be ignored for this session
1517897489465	Marionette	DEBUG	Register listener.js for window 4294967297
1517897489770	Marionette	DEBUG	Received DOM event "beforeunload" for "about:blank"
1517897490602	Marionette	DEBUG	Received DOM event "pagehide" for "about:blank"
1517897490602	Marionette	DEBUG	Received DOM event "unload" for "about:blank"
JavaScript error: https://ss1.bdstatic.com/5eN1bjq8AAUYm2zgoY3K/r/www/cache/static/protocol/https/plugins/every_cookie_4644b13.js, line 4: ReferenceError: c is not defined
[GFX1]: Potential driver version mismatch ignored due to missing DLLs igd10umd32 v= and igd10iumd32 v=
1517897492114	Marionette	DEBUG	Received DOM event "DOMContentLoaded" for "https://www.baidu.com/"
1517897492257	Marionette	DEBUG	Received DOM event "pageshow" for "https://www.baidu.com/"
1517897494885	Marionette	DEBUG	Canceled page load listener because no navigation has been detected
